<?xml version="1.0" encoding="UTF-8"?>
<!-- Generated by org.testng.reporters.JUnitReportReporter -->
<testsuite hostname="DESKTOP-IQ4HG5O" failures="0" tests="3" name="testPolicyBazzar.POL_TC_1234_ValidatingPersonalDetails" time="9.618" errors="0" timestamp="2023-07-08T16:05:56 IST" skipped="0">
  <testcase classname="testPolicyBazzar.POL_TC_1234_ValidatingPersonalDetails" name="validatingUserName" time="0.400">
    <system-out>
      <![CDATA[Reading data from excel row number-0, cell number-2
Actual and expected username are matching - TC is Passed
Taking screenshot and stored at-F:\@Ruksar-TESTINGdata\myssRuksar Shaikh-POL_TC_1234-Vo.png]]>
    </system-out>
  </testcase> <!-- validatingUserName -->
  <testcase classname="testPolicyBazzar.POL_TC_1234_ValidatingPersonalDetails" name="validatingFemaleRadioSelection" time="9.058">
    <system-out>
      <![CDATA[Female radio button is selected - TC is passed]]>
    </system-out>
  </testcase> <!-- validatingFemaleRadioSelection -->
  <testcase classname="testPolicyBazzar.POL_TC_1234_ValidatingPersonalDetails" name="validatingEmailID" time="0.160">
    <system-out>
      <![CDATA[Reading data from excel row number-1, cell number-0
Actual and expected EmailID's are matching - TC is passed]]>
    </system-out>
  </testcase> <!-- validatingEmailID -->
  <system-out>
    <![CDATA[Launching Policy Bazzar Appilcation
Waiting for complete load page, wait time-1000
Clicking on sign in home page
Waiting for complete load page, wait time-1000
Reading data from excel row number-0, cell number-0
Entering mobile number
Waiting for,wait time-1000
Clicking on sign in with password
Waiting for,wait time-1000
Reading data from excel row number-0, cell number-1
Entering password
Clicking on sign in
Waiting for complete load page, wait time-1500
Clicking on my account
Waiting for,wait time-1000
Clicking on my profile
Waiting for complete load page, wait time-2500
Female radio button is selected - TC is passed
Reading data from excel row number-0, cell number-2
Actual and expected username are matching - TC is Passed
Taking screenshot and stored at-F:\@Ruksar-TESTINGdata\myssRuksar Shaikh-POL_TC_1234-Vo.png
Reading data from excel row number-1, cell number-0
Actual and expected EmailID's are matching - TC is passed
Logging out from Policy Bazzar Application]]>
  </system-out>
</testsuite> <!-- testPolicyBazzar.POL_TC_1234_ValidatingPersonalDetails -->
